0 info it worked if it ends with ok
1 verbose cli [ 'node', '/usr/local/bin/npm', 'install', '-g', 'bower' ]
2 info using npm@1.4.28
3 info using node@v0.10.40
4 verbose cache add [ 'bower', null ]
5 verbose cache add name=undefined spec="bower" args=["bower",null]
6 verbose parsed url { protocol: null,
6 verbose parsed url   slashes: null,
6 verbose parsed url   auth: null,
6 verbose parsed url   host: null,
6 verbose parsed url   port: null,
6 verbose parsed url   hostname: null,
6 verbose parsed url   hash: null,
6 verbose parsed url   search: null,
6 verbose parsed url   query: null,
6 verbose parsed url   pathname: 'bower',
6 verbose parsed url   path: 'bower',
6 verbose parsed url   href: 'bower' }
7 silly lockFile 206e3ce5-bower bower
8 verbose lock bower /Users/karanorton/.npm/206e3ce5-bower.lock
9 silly lockFile 206e3ce5-bower bower
10 silly lockFile 206e3ce5-bower bower
11 verbose addNamed [ 'bower', '' ]
12 verbose addNamed [ null, '*' ]
13 silly lockFile 1240aab1-bower bower@
14 verbose lock bower@ /Users/karanorton/.npm/1240aab1-bower.lock
15 silly addNameRange { name: 'bower', range: '*', hasData: false }
16 verbose request where is /bower
17 verbose request registry https://registry.npmjs.org/
18 verbose request id 2b555d4fb42662df
19 verbose url raw /bower
20 verbose url resolving [ 'https://registry.npmjs.org/', './bower' ]
21 verbose url resolved https://registry.npmjs.org/bower
22 verbose request where is https://registry.npmjs.org/bower
23 info trying registry request attempt 1 at 19:20:18
24 http GET https://registry.npmjs.org/bower
25 http 200 https://registry.npmjs.org/bower
26 silly registry.get cb [ 200,
26 silly registry.get   { server: 'CouchDB/1.5.0 (Erlang OTP/R16B03)',
26 silly registry.get     etag: '"C8T77HIEKTFUSFXCPJX2M2CYS"',
26 silly registry.get     'content-type': 'application/json',
26 silly registry.get     'content-encoding': 'gzip',
26 silly registry.get     'cache-control': 'max-age=300',
26 silly registry.get     'content-length': '20489',
26 silly registry.get     'accept-ranges': 'bytes',
26 silly registry.get     date: 'Tue, 21 Jun 2016 23:18:24 GMT',
26 silly registry.get     via: '1.1 varnish',
26 silly registry.get     age: '276',
26 silly registry.get     connection: 'keep-alive',
26 silly registry.get     'x-served-by': 'cache-jfk1021-JFK',
26 silly registry.get     'x-cache': 'HIT',
26 silly registry.get     'x-cache-hits': '3',
26 silly registry.get     'x-timer': 'S1466551104.504901,VS0,VE0',
26 silly registry.get     vary: 'Accept-Encoding' } ]
27 silly addNameRange number 2 { name: 'bower', range: '*', hasData: true }
28 silly addNameRange versions [ 'bower',
28 silly addNameRange   [ '0.1.0',
28 silly addNameRange     '0.1.2',
28 silly addNameRange     '0.1.3',
28 silly addNameRange     '0.2.0',
28 silly addNameRange     '0.3.0',
28 silly addNameRange     '0.3.1',
28 silly addNameRange     '0.3.2',
28 silly addNameRange     '0.4.0',
28 silly addNameRange     '0.5.0',
28 silly addNameRange     '0.5.1',
28 silly addNameRange     '0.6.0',
28 silly addNameRange     '0.6.1',
28 silly addNameRange     '0.6.2',
28 silly addNameRange     '0.6.3',
28 silly addNameRange     '0.6.4',
28 silly addNameRange     '0.6.5',
28 silly addNameRange     '0.6.6',
28 silly addNameRange     '0.6.7',
28 silly addNameRange     '0.6.8',
28 silly addNameRange     '0.7.0',
28 silly addNameRange     '0.7.1',
28 silly addNameRange     '0.8.0',
28 silly addNameRange     '0.8.1',
28 silly addNameRange     '0.8.2',
28 silly addNameRange     '0.8.3',
28 silly addNameRange     '0.8.4',
28 silly addNameRange     '0.8.5',
28 silly addNameRange     '0.8.6',
28 silly addNameRange     '0.9.0',
28 silly addNameRange     '0.9.1',
28 silly addNameRange     '0.9.2',
28 silly addNameRange     '0.10.0',
28 silly addNameRange     '1.0.0',
28 silly addNameRange     '1.0.1',
28 silly addNameRange     '1.0.2',
28 silly addNameRange     '1.0.3',
28 silly addNameRange     '1.1.0',
28 silly addNameRange     '1.1.1',
28 silly addNameRange     '1.1.2',
28 silly addNameRange     '1.2.0',
28 silly addNameRange     '1.2.1',
28 silly addNameRange     '1.2.2',
28 silly addNameRange     '1.2.3',
28 silly addNameRange     '1.2.4',
28 silly addNameRange     '1.2.5',
28 silly addNameRange     '1.2.6',
28 silly addNameRange     '1.2.7',
28 silly addNameRange     '1.2.8',
28 silly addNameRange     '1.3.0',
28 silly addNameRange     '1.3.1',
28 silly addNameRange     '1.3.2',
28 silly addNameRange     '1.3.3',
28 silly addNameRange     '1.3.4',
28 silly addNameRange     '1.3.5',
28 silly addNameRange     '1.3.6',
28 silly addNameRange     '1.3.7',
28 silly addNameRange     '1.3.8',
28 silly addNameRange     '1.3.9',
28 silly addNameRange     '1.3.10',
28 silly addNameRange     '1.3.11',
28 silly addNameRange     '1.3.12',
28 silly addNameRange     '1.4.0',
28 silly addNameRange     '1.4.1',
28 silly addNameRange     '1.5.0',
28 silly addNameRange     '1.5.1',
28 silly addNameRange     '1.5.2',
28 silly addNameRange     '1.5.3',
28 silly addNameRange     '1.6.2',
28 silly addNameRange     '1.6.3',
28 silly addNameRange     '1.6.4',
28 silly addNameRange     '1.6.5',
28 silly addNameRange     '1.5.4',
28 silly addNameRange     '1.4.2',
28 silly addNameRange     '1.6.6',
28 silly addNameRange     '1.6.7',
28 silly addNameRange     '1.6.8',
28 silly addNameRange     '1.6.9',
28 silly addNameRange     '1.7.0',
28 silly addNameRange     '1.7.1',
28 silly addNameRange     '1.7.2',
28 silly addNameRange     '1.7.5',
28 silly addNameRange     '1.7.6',
28 silly addNameRange     '1.7.7',
28 silly addNameRange     '1.7.8',
28 silly addNameRange     '1.7.9' ] ]
29 verbose addNamed [ 'bower', '1.7.9' ]
30 verbose addNamed [ '1.7.9', '1.7.9' ]
31 silly lockFile c07be986-bower-1-7-9 bower@1.7.9
32 verbose lock bower@1.7.9 /Users/karanorton/.npm/c07be986-bower-1-7-9.lock
33 silly lockFile 1539c588--npmjs-org-bower-bower-1-7-9-tgz https://registry.npmjs.org/bower/-/bower-1.7.9.tgz
34 verbose lock https://registry.npmjs.org/bower/-/bower-1.7.9.tgz /Users/karanorton/.npm/1539c588--npmjs-org-bower-bower-1-7-9-tgz.lock
35 verbose addRemoteTarball [ 'https://registry.npmjs.org/bower/-/bower-1.7.9.tgz',
35 verbose addRemoteTarball   'b7296c2393e0d75edaa6ca39648132dd255812b0' ]
36 info retry fetch attempt 1 at 19:20:19
37 verbose fetch to= /var/folders/8r/tw8842xj5zldbn5wfk6vc6yh0000gn/T/npm-34714-Rbl_a7ZA/registry.npmjs.org/bower/-/bower-1.7.9.tgz
38 http GET https://registry.npmjs.org/bower/-/bower-1.7.9.tgz
39 http 200 https://registry.npmjs.org/bower/-/bower-1.7.9.tgz
40 silly lockFile 1539c588--npmjs-org-bower-bower-1-7-9-tgz https://registry.npmjs.org/bower/-/bower-1.7.9.tgz
41 silly lockFile 1539c588--npmjs-org-bower-bower-1-7-9-tgz https://registry.npmjs.org/bower/-/bower-1.7.9.tgz
42 silly lockFile c07be986-bower-1-7-9 bower@1.7.9
43 silly lockFile c07be986-bower-1-7-9 bower@1.7.9
44 silly lockFile 1240aab1-bower bower@
45 silly lockFile 1240aab1-bower bower@
46 silly resolved [ { name: 'bower',
46 silly resolved     version: '1.7.9',
46 silly resolved     description: 'The browser package manager',
46 silly resolved     author: { name: 'Twitter' },
46 silly resolved     license: 'MIT',
46 silly resolved     repository: { type: 'git', url: 'git+https://github.com/bower/bower.git' },
46 silly resolved     main: 'lib',
46 silly resolved     bin: { bower: 'bin/bower' },
46 silly resolved     homepage: 'http://bower.io',
46 silly resolved     engines: { node: '>=0.10.0' },
46 silly resolved     keywords: [ 'bower' ],
46 silly resolved     files: [ 'bin', 'lib' ],
46 silly resolved     bugs: { url: 'https://github.com/bower/bower/issues' },
46 silly resolved     _id: 'bower@1.7.9',
46 silly resolved     scripts: {},
46 silly resolved     _shasum: 'b7296c2393e0d75edaa6ca39648132dd255812b0',
46 silly resolved     _from: 'bower@',
46 silly resolved     _npmVersion: '3.7.3',
46 silly resolved     _nodeVersion: '5.9.0',
46 silly resolved     _npmUser: { name: 'sheerun', email: 'sheerun@sher.pl' },
46 silly resolved     dist:
46 silly resolved      { shasum: 'b7296c2393e0d75edaa6ca39648132dd255812b0',
46 silly resolved        tarball: 'https://registry.npmjs.org/bower/-/bower-1.7.9.tgz' },
46 silly resolved     maintainers:
46 silly resolved      [ [Object],
46 silly resolved        [Object],
46 silly resolved        [Object],
46 silly resolved        [Object],
46 silly resolved        [Object],
46 silly resolved        [Object],
46 silly resolved        [Object] ],
46 silly resolved     _npmOperationalInternal:
46 silly resolved      { host: 'packages-12-west.internal.npmjs.com',
46 silly resolved        tmp: 'tmp/bower-1.7.9.tgz_1459857239351_0.9720134933013469' },
46 silly resolved     directories: {},
46 silly resolved     _resolved: 'https://registry.npmjs.org/bower/-/bower-1.7.9.tgz' } ]
47 info install bower@1.7.9 into /usr/local/lib
48 info installOne bower@1.7.9
49 verbose lib/node_modules/bower unbuild
50 verbose tar unpack /Users/karanorton/.npm/bower/1.7.9/package.tgz
51 silly lockFile 1396471b-usr-local-lib-node-modules-bower tar:///usr/local/lib/node_modules/bower
52 verbose lock tar:///usr/local/lib/node_modules/bower /Users/karanorton/.npm/1396471b-usr-local-lib-node-modules-bower.lock
53 silly lockFile 0a02793a-rton-npm-bower-1-7-9-package-tgz tar:///Users/karanorton/.npm/bower/1.7.9/package.tgz
54 verbose lock tar:///Users/karanorton/.npm/bower/1.7.9/package.tgz /Users/karanorton/.npm/0a02793a-rton-npm-bower-1-7-9-package-tgz.lock
55 silly gunzTarPerm modes [ '755', '644' ]
56 error Error: EACCES, mkdir '/usr/local/lib/node_modules/bower'
56 error  { [Error: EACCES, mkdir '/usr/local/lib/node_modules/bower']
56 error   errno: 3,
56 error   code: 'EACCES',
56 error   path: '/usr/local/lib/node_modules/bower',
56 error   fstream_type: 'Directory',
56 error   fstream_path: '/usr/local/lib/node_modules/bower',
56 error   fstream_class: 'DirWriter',
56 error   fstream_stack:
56 error    [ '/usr/local/lib/node_modules/npm/node_modules/fstream/lib/dir-writer.js:36:23',
56 error      '/usr/local/lib/node_modules/npm/node_modules/mkdirp/index.js:46:53',
56 error      'Object.oncomplete (fs.js:108:15)' ] }
57 error Please try running this command again as root/Administrator.
58 error System Darwin 14.5.0
59 error command "node" "/usr/local/bin/npm" "install" "-g" "bower"
60 error cwd /Users/karanorton/Desktop/cfapp
61 error node -v v0.10.40
62 error npm -v 1.4.28
63 error path /usr/local/lib/node_modules/bower
64 error fstream_path /usr/local/lib/node_modules/bower
65 error fstream_type Directory
66 error fstream_class DirWriter
67 error code EACCES
68 error errno 3
69 error stack Error: EACCES, mkdir '/usr/local/lib/node_modules/bower'
70 error fstream_stack /usr/local/lib/node_modules/npm/node_modules/fstream/lib/dir-writer.js:36:23
70 error fstream_stack /usr/local/lib/node_modules/npm/node_modules/mkdirp/index.js:46:53
70 error fstream_stack Object.oncomplete (fs.js:108:15)
71 verbose exit [ 3, true ]
